<?xml version="1.0" encoding="UTF-8"?>
<testsuites errors="2" failures="2"><testsuite name="BackstopJS" tests="2" errors="2" failures="2"><testcase name=" ›› Newsletter" classname="document"><error message="Design deviation ›› Newsletter (document) component" type="CSS component"/><failure message="Design deviation ›› Newsletter (document) component" type="CSS component"/></testcase><testcase name=" ›› Newsletter" classname="document"><error message="Design deviation ›› Newsletter (document) component" type="CSS component"/><failure message="Design deviation ›› Newsletter (document) component" type="CSS component"/></testcase></testsuite></testsuites>